Determining if the pthread_create exist failed with the following output:
Change Dir: /home/echo/small_program/5_read_odom_txt/cmake-build-debug/CMakeFiles/CMakeTmp

Run Build Command:"/usr/bin/make" "cmTC_1f8ff/fast"
/usr/bin/make -f CMakeFiles/cmTC_1f8ff.dir/build.make CMakeFiles/cmTC_1f8ff.dir/build
make[1]: Entering directory '/home/echo/small_program/5_read_odom_txt/cmake-build-debug/CMakeFiles/CMakeTmp'
Building C object CMakeFiles/cmTC_1f8ff.dir/CheckSymbolExists.c.o
/usr/bin/cc    -o CMakeFiles/cmTC_1f8ff.dir/CheckSymbolExists.c.o   -c /home/echo/small_program/5_read_odom_txt/cmake-build-debug/CMakeFiles/CMakeTmp/CheckSymbolExists.c
Linking C executable cmTC_1f8ff
/home/echo/clion-2018.1.5/bin/cmake/bin/cmake -E cmake_link_script CMakeFiles/cmTC_1f8ff.dir/link.txt --verbose=1
/usr/bin/cc      -rdynamic CMakeFiles/cmTC_1f8ff.dir/CheckSymbolExists.c.o  -o cmTC_1f8ff 
CMakeFiles/cmTC_1f8ff.dir/CheckSymbolExists.c.o: In function `main':
CheckSymbolExists.c:(.text+0x16): undefined reference to `pthread_create'
collect2: error: ld returned 1 exit status
CMakeFiles/cmTC_1f8ff.dir/build.make:97: recipe for target 'cmTC_1f8ff' failed
make[1]: *** [cmTC_1f8ff] Error 1
make[1]: Leaving directory '/home/echo/small_program/5_read_odom_txt/cmake-build-debug/CMakeFiles/CMakeTmp'
Makefile:126: recipe for target 'cmTC_1f8ff/fast' failed
make: *** [cmTC_1f8ff/fast] Error 2

File /home/echo/small_program/5_read_odom_txt/cmake-build-debug/CMakeFiles/CMakeTmp/CheckSymbolExists.c:
/* */
#include <pthread.h>

int main(int argc, char** argv)
{
  (void)argv;
#ifndef pthread_create
  return ((int*)(&pthread_create))[argc];
#else
  (void)argc;
  return 0;
#endif
}

Determining if the function pthread_create exists in the pthreads failed with the following output:
Change Dir: /home/echo/small_program/5_read_odom_txt/cmake-build-debug/CMakeFiles/CMakeTmp

Run Build Command:"/usr/bin/make" "cmTC_5796f/fast"
/usr/bin/make -f CMakeFiles/cmTC_5796f.dir/build.make CMakeFiles/cmTC_5796f.dir/build
make[1]: Entering directory '/home/echo/small_program/5_read_odom_txt/cmake-build-debug/CMakeFiles/CMakeTmp'
Building C object CMakeFiles/cmTC_5796f.dir/CheckFunctionExists.c.o
/usr/bin/cc   -DCHECK_FUNCTION_EXISTS=pthread_create   -o CMakeFiles/cmTC_5796f.dir/CheckFunctionExists.c.o   -c /home/echo/clion-2018.1.5/bin/cmake/share/cmake-3.10/Modules/CheckFunctionExists.c
Linking C executable cmTC_5796f
/home/echo/clion-2018.1.5/bin/cmake/bin/cmake -E cmake_link_script CMakeFiles/cmTC_5796f.dir/link.txt --verbose=1
/usr/bin/cc  -DCHECK_FUNCTION_EXISTS=pthread_create    -rdynamic CMakeFiles/cmTC_5796f.dir/CheckFunctionExists.c.o  -o cmTC_5796f -lpthreads 
/usr/bin/ld: cannot find -lpthreads
collect2: error: ld returned 1 exit status
CMakeFiles/cmTC_5796f.dir/build.make:97: recipe for target 'cmTC_5796f' failed
make[1]: *** [cmTC_5796f] Error 1
make[1]: Leaving directory '/home/echo/small_program/5_read_odom_txt/cmake-build-debug/CMakeFiles/CMakeTmp'
Makefile:126: recipe for target 'cmTC_5796f/fast' failed
make: *** [cmTC_5796f/fast] Error 2


